Test data metrics for classifier MultinomialNB:
              precision    recall  f1-score   support

        earn       0.98      0.97      0.98      1087
         acq       0.98      0.95      0.97       719
    money-fx       0.78      0.91      0.84       179
       grain       0.93      0.87      0.90       149
       crude       0.92      0.81      0.87       189
       trade       0.90      0.72      0.80       117
    interest       0.90      0.66      0.76       131
        ship       0.88      0.43      0.58        89
       wheat       0.70      0.63      0.67        71
        corn       0.68      0.46      0.55        56

   micro avg       0.94      0.88      0.91      2787
   macro avg       0.87      0.74      0.79      2787
weighted avg       0.94      0.88      0.91      2787
 samples avg       0.90      0.91      0.90      2787

Test data metrics for classifier LinearSVC:
              precision    recall  f1-score   support

        earn       0.99      0.98      0.99      1087
         acq       0.98      0.97      0.97       719
    money-fx       0.86      0.84      0.85       179
       grain       0.98      0.92      0.95       149
       crude       0.92      0.90      0.91       189
       trade       0.93      0.82      0.87       117
    interest       0.89      0.73      0.80       131
        ship       0.90      0.69      0.78        89
       wheat       0.91      0.73      0.81        71
        corn       0.91      0.75      0.82        56

   micro avg       0.96      0.92      0.94      2787
   macro avg       0.93      0.83      0.88      2787
weighted avg       0.96      0.92      0.94      2787
 samples avg       0.94      0.94      0.93      2787

Test data metrics for classifier KNeighborsClassifier:
              precision    recall  f1-score   support

        earn       0.90      0.97      0.93      1087
         acq       0.98      0.70      0.82       719
    money-fx       0.77      0.92      0.84       179
       grain       0.94      0.87      0.91       149
       crude       0.85      0.90      0.87       189
       trade       0.87      0.82      0.85       117
    interest       0.81      0.78      0.79       131
        ship       0.84      0.69      0.75        89
       wheat       0.69      0.80      0.74        71
        corn       0.78      0.64      0.71        56

   micro avg       0.89      0.85      0.87      2787
   macro avg       0.84      0.81      0.82      2787
weighted avg       0.89      0.85      0.87      2787
 samples avg       0.86      0.86      0.85      2787

